# progress.txt
# Append-only execution log for this generated project
# Format:
# [ISO-8601 timestamp] STORY-ID — STATUS — Description
#
# Statuses:
# START
# DONE
# BLOCKED
# INFO
# VALIDATION
#
# Example:
# [2026-03-14T12:00:00Z] ST-001 — START — Began implementation of authentication flow
[2026-03-18T23:29:17Z] ST-007 — START — Initialize project repository
# progress.txt
# Append-only execution log for this generated project
# Format:
# [ISO-8601 timestamp] STORY-ID — STATUS — Description
#
# Statuses:
# START
# DONE
# BLOCKED
# INFO
# VALIDATION
#
# Example:
# [2026-03-14T12:00:00Z] ST-001 — START — Began implementation of authentication flow
[2026-03-18T23:29:17Z] ST-007 — START — Initialize project repository
[2026-03-18T23:39:29Z] ST-007 — DONE — Initialize project repository
[2026-03-18T23:39:29Z] ST-008 — START — Setup database
[2026-03-18T23:49:14Z] ST-008 — DONE — Setup database
[2026-03-18T23:49:14Z] ST-009 — START — Setup backend service
[2026-03-18T23:56:59Z] ST-009 — DONE — Setup backend service
[2026-03-18T23:57:00Z] ST-010 — START — Create frontend application
[2026-03-19T00:01:24Z] ST-010 — DONE — Create frontend application
[2026-03-19T00:01:24Z] ST-001 — START — Configure CDN
[2026-03-19T00:05:05Z] ST-001 — DONE — Configure CDN
[2026-03-19T00:05:05Z] ST-002 — START — Define CMS content model
[2026-03-19T00:15:42Z] ST-002 — DONE — Define CMS content model
[2026-03-19T00:15:42Z] ST-005 — START — Add locale support
[2026-03-19T00:29:38Z] ST-005 — DONE — Add locale support
[2026-03-19T00:29:39Z] ST-006 — START — Implement locale routing
[2026-03-19T00:37:10Z] ST-006 — DONE — Implement locale routing
[2026-03-19T00:37:10Z] ST-011 — START — Implement authentication
[2026-03-19T00:49:32Z] ST-011 — DONE — Implement authentication
[2026-03-19T00:49:32Z] ST-012 — START — Implement notification system
[2026-03-19T01:04:42Z] ST-012 — DONE — Implement notification system
[2026-03-19T01:04:42Z] ST-019 — START — Implement Todo data model
[2026-03-19T01:11:58Z] ST-019 — DONE — Implement Todo data model
[2026-03-19T01:11:58Z] ST-020 — START — Implement Todo CRUD API
[2026-03-19T01:17:50Z] ST-020 — DONE — Implement Todo CRUD API
[2026-03-19T01:17:50Z] ST-021 — START — Implement Todo list UI
[2026-03-19T01:26:21Z] ST-021 — DONE — Implement Todo list UI
[2026-03-19T01:26:21Z] ST-022 — START — Implement Todo filtering and sorting
[2026-03-19T01:36:34Z] ST-022 — DONE — Implement Todo filtering and sorting
[2026-03-19T01:36:34Z] ST-013 — START — Model deadlines and due dates
[2026-03-19T01:49:15Z] ST-013 — DONE — Model deadlines and due dates
[2026-03-19T01:49:15Z] ST-014 — START — Implement progress tracking
[2026-03-19T02:03:29Z] ST-014 — DONE — Implement progress tracking
[2026-03-19T02:03:30Z] ST-017 — START — Implement report generation
[2026-03-19T02:11:56Z] ST-017 — DONE — Implement report generation
[2026-03-19T02:11:56Z] ST-015 — START — Implement task assignment
[2026-03-19T02:31:30Z] ST-015 — DONE — Implement task assignment
[2026-03-19T02:31:30Z] ST-016 — START — Implement reminders
[2026-03-19T02:41:11Z] ST-016 — DONE — Implement reminders
[2026-03-19T02:41:11Z] ST-003 — START — Setup job worker
[2026-03-19T02:48:13Z] ST-003 — DONE — Setup job worker
[2026-03-19T02:48:13Z] ST-018 — START — Implement background automation jobs
[2026-03-19T02:55:59Z] ST-018 — DONE — Implement background automation jobs
[2026-03-19T02:55:59Z] ST-004 — START — Implement publishing scheduler
[2026-03-19T03:10:22Z] ST-004 — DONE — Implement publishing scheduler
[2026-03-19T03:10:22Z] ST-900 — START — Setup monitoring and logging
[2026-03-19T03:23:13Z] ST-900 — DONE — Setup monitoring and logging
[2026-03-19T03:23:13Z] ST-901 — START — Implement backups
[2026-03-19T03:34:08Z] ST-901 — DONE — Implement backups
